# JRE version: Java(TM) SE Runtime Environment (8.0_112-b15) (build 1.8.0_112-b15)
# Java VM: Java HotSpot(TM) 64-Bit Server VM (25.112-b15 mixed mode windows-amd64 compressed oops)
Heap:
 par new generation   total 306688K, used 202885K [0x00000000c0000000, 0x00000000d4cc0000, 0x00000000d4cc0000)
  eden space 272640K,  62% used [0x00000000c0000000, 0x00000000ca755a70, 0x00000000d0a40000)
  from space 34048K,  92% used [0x00000000d2b80000, 0x00000000d4a4ba90, 0x00000000d4cc0000)
  to   space 34048K,   0% used [0x00000000d0a40000, 0x00000000d0a40000, 0x00000000d2b80000)
 concurrent mark-sweep generation total 707840K, used 201651K [0x00000000d4cc0000, 0x0000000100000000, 0x0000000100000000)
 Metaspace       used 39916K, capacity 40289K, committed 40704K, reserved 1085440K
  class space    used 5104K, capacity 5251K, committed 5376K, reserved 1048576K
GC Heap History (10 events):
Event: 18.442 GC heap before
{Heap before GC invocations=11 (full 4):
 par new generation   total 306688K, used 289761K [0x00000000c0000000, 0x00000000d4cc0000, 0x00000000d4cc0000)
  eden space 272640K, 100% used [0x00000000c0000000, 0x00000000d0a40000, 0x00000000d0a40000)
  from space 34048K,  50% used [0x00000000d0a40000, 0x00000000d1af85b8, 0x00000000d2b80000)
  to   space 34048K,   0% used [0x00000000d2b80000, 0x00000000d2b80000, 0x00000000d4cc0000)
 concurrent mark-sweep generation total 707840K, used 141731K [0x00000000d4cc0000, 0x0000000100000000, 0x0000000100000000)
 Metaspace       used 34427K, capacity 34679K, committed 35072K, reserved 1079296K
  class space    used 4418K, capacity 4538K, committed 4608K, reserved 1048576K
Event: 18.453 GC heap after
Heap after GC invocations=12 (full 4):
 par new generation   total 306688K, used 23864K [0x00000000c0000000, 0x00000000d4cc0000, 0x00000000d4cc0000)
  eden space 272640K,   0% used [0x00000000c0000000, 0x00000000c0000000, 0x00000000d0a40000)
  from space 34048K,  70% used [0x00000000d2b80000, 0x00000000d42ce370, 0x00000000d4cc0000)
  to   space 34048K,   0% used [0x00000000d0a40000, 0x00000000d0a40000, 0x00000000d2b80000)
 concurrent mark-sweep generation total 707840K, used 141731K [0x00000000d4cc0000, 0x0000000100000000, 0x0000000100000000)
 Metaspace       used 34427K, capacity 34679K, committed 35072K, reserved 1079296K
  class space    used 4418K, capacity 4538K, committed 4608K, reserved 1048576K
}
Event: 19.090 GC heap before
{Heap before GC invocations=12 (full 5):
 par new generation   total 306688K, used 296504K [0x00000000c0000000, 0x00000000d4cc0000, 0x00000000d4cc0000)
  eden space 272640K, 100% used [0x00000000c0000000, 0x00000000d0a40000, 0x00000000d0a40000)
  from space 34048K,  70% used [0x00000000d2b80000, 0x00000000d42ce370, 0x00000000d4cc0000)
  to   space 34048K,   0% used [0x00000000d0a40000, 0x00000000d0a40000, 0x00000000d2b80000)
 concurrent mark-sweep generation total 707840K, used 141731K [0x00000000d4cc0000, 0x0000000100000000, 0x0000000100000000)
 Metaspace       used 34921K, capacity 35255K, committed 35584K, reserved 1081344K
  class space    used 4477K, capacity 4602K, committed 4608K, reserved 1048576K
Event: 19.125 GC heap after
Heap after GC invocations=13 (full 5):
 par new generation   total 306688K, used 34048K [0x00000000c0000000, 0x00000000d4cc0000, 0x00000000d4cc0000)
  eden space 272640K,   0% used [0x00000000c0000000, 0x00000000c0000000, 0x00000000d0a40000)
  from space 34048K, 100% used [0x00000000d0a40000, 0x00000000d2b80000, 0x00000000d2b80000)
  to   space 34048K,   0% used [0x00000000d2b80000, 0x00000000d2b80000, 0x00000000d4cc0000)
 concurrent mark-sweep generation total 707840K, used 152875K [0x00000000d4cc0000, 0x0000000100000000, 0x0000000100000000)
 Metaspace       used 34921K, capacity 35255K, committed 35584K, reserved 1081344K
  class space    used 4477K, capacity 4602K, committed 4608K, reserved 1048576K
}
Event: 19.578 GC heap before
{Heap before GC invocations=13 (full 5):
 par new generation   total 306688K, used 306688K [0x00000000c0000000, 0x00000000d4cc0000, 0x00000000d4cc0000)
  eden space 272640K, 100% used [0x00000000c0000000, 0x00000000d0a40000, 0x00000000d0a40000)
  from space 34048K, 100% used [0x00000000d0a40000, 0x00000000d2b80000, 0x00000000d2b80000)
  to   space 34048K,   0% used [0x00000000d2b80000, 0x00000000d2b80000, 0x00000000d4cc0000)
 concurrent mark-sweep generation total 707840K, used 152875K [0x00000000d4cc0000, 0x0000000100000000, 0x0000000100000000)
 Metaspace       used 35239K, capacity 35453K, committed 35840K, reserved 1081344K
  class space    used 4514K, capacity 4603K, committed 4608K, reserved 1048576K
Event: 19.633 GC heap after
Heap after GC invocations=14 (full 5):
 par new generation   total 306688K, used 34048K [0x00000000c0000000, 0x00000000d4cc0000, 0x00000000d4cc0000)
  eden space 272640K,   0% used [0x00000000c0000000, 0x00000000c0000000, 0x00000000d0a40000)
  from space 34048K, 100% used [0x00000000d2b80000, 0x00000000d4cc0000, 0x00000000d4cc0000)
  to   space 34048K,   0% used [0x00000000d0a40000, 0x00000000d0a40000, 0x00000000d2b80000)
 concurrent mark-sweep generation total 707840K, used 187067K [0x00000000d4cc0000, 0x0000000100000000, 0x0000000100000000)
 Metaspace       used 35239K, capacity 35453K, committed 35840K, reserved 1081344K
  class space    used 4514K, capacity 4603K, committed 4608K, reserved 1048576K
}
Event: 21.250 GC heap before
{Heap before GC invocations=14 (full 5):
 par new generation   total 306688K, used 306688K [0x00000000c0000000, 0x00000000d4cc0000, 0x00000000d4cc0000)
  eden space 272640K, 100% used [0x00000000c0000000, 0x00000000d0a40000, 0x00000000d0a40000)
  from space 34048K, 100% used [0x00000000d2b80000, 0x00000000d4cc0000, 0x00000000d4cc0000)
  to   space 34048K,   0% used [0x00000000d0a40000, 0x00000000d0a40000, 0x00000000d2b80000)
 concurrent mark-sweep generation total 707840K, used 171843K [0x00000000d4cc0000, 0x0000000100000000, 0x0000000100000000)
 Metaspace       used 38678K, capacity 39073K, committed 39552K, reserved 1083392K
  class space    used 4969K, capacity 5123K, committed 5248K, reserved 1048576K
Event: 21.282 GC heap after
Heap after GC invocations=15 (full 5):
 par new generation   total 306688K, used 31980K [0x00000000c0000000, 0x00000000d4cc0000, 0x00000000d4cc0000)
  eden space 272640K,   0% used [0x00000000c0000000, 0x00000000c0000000, 0x00000000d0a40000)
  from space 34048K,  93% used [0x00000000d0a40000, 0x00000000d297b100, 0x00000000d2b80000)
  to   space 34048K,   0% used [0x00000000d2b80000, 0x00000000d2b80000, 0x00000000d4cc0000)
 concurrent mark-sweep generation total 707840K, used 201651K [0x00000000d4cc0000, 0x0000000100000000, 0x0000000100000000)
 Metaspace       used 38678K, capacity 39073K, committed 39552K, reserved 1083392K
  class space    used 4969K, capacity 5123K, committed 5248K, reserved 1048576K
}
Event: 24.097 GC heap before
{Heap before GC invocations=15 (full 5):
 par new generation   total 306688K, used 304620K [0x00000000c0000000, 0x00000000d4cc0000, 0x00000000d4cc0000)
  eden space 272640K, 100% used [0x00000000c0000000, 0x00000000d0a40000, 0x00000000d0a40000)
  from space 34048K,  93% used [0x00000000d0a40000, 0x00000000d297b100, 0x00000000d2b80000)
  to   space 34048K,   0% used [0x00000000d2b80000, 0x00000000d2b80000, 0x00000000d4cc0000)
 concurrent mark-sweep generation total 707840K, used 201651K [0x00000000d4cc0000, 0x0000000100000000, 0x0000000100000000)
 Metaspace       used 39911K, capacity 40289K, committed 40704K, reserved 1085440K
  class space    used 5104K, capacity 5251K, committed 5376K, reserved 1048576K
Event: 24.107 GC heap after
Heap after GC invocations=16 (full 5):
 par new generation   total 306688K, used 31534K [0x00000000c0000000, 0x00000000d4cc0000, 0x00000000d4cc0000)
  eden space 272640K,   0% used [0x00000000c0000000, 0x00000000c0000000, 0x00000000d0a40000)
  from space 34048K,  92% used [0x00000000d2b80000, 0x00000000d4a4ba90, 0x00000000d4cc0000)
  to   space 34048K,   0% used [0x00000000d0a40000, 0x00000000d0a40000, 0x00000000d2b80000)
 concurrent mark-sweep generation total 707840K, used 201651K [0x00000000d4cc0000, 0x0000000100000000, 0x0000000100000000)
 Metaspace       used 39911K, capacity 40289K, committed 40704K, reserved 1085440K
  class space    used 5104K, capacity 5251K, committed 5376K, reserved 1048576K
}

